0 info it worked if it ends with ok
1 verbose cli [ 'D:\\nodejs\\node.exe',
1 verbose cli   'D:\\nodejs\\node_modules\\npm\\bin\\npm-cli.js',
1 verbose cli   'start' ]
2 info using npm@2.10.1
3 info using node@v0.12.4
4 verbose stack Error: missing script: start
4 verbose stack     at run (D:\nvm-noinstall\v0.12.4\node_modules\npm\lib\run-script.js:142:19)
4 verbose stack     at D:\nvm-noinstall\v0.12.4\node_modules\npm\lib\run-script.js:58:5
4 verbose stack     at D:\nvm-noinstall\v0.12.4\node_modules\npm\node_modules\read-package-json\read-json.js:345:5
4 verbose stack     at checkBinReferences_ (D:\nvm-noinstall\v0.12.4\node_modules\npm\node_modules\read-package-json\read-json.js:309:45)
4 verbose stack     at final (D:\nvm-noinstall\v0.12.4\node_modules\npm\node_modules\read-package-json\read-json.js:343:3)
4 verbose stack     at then (D:\nvm-noinstall\v0.12.4\node_modules\npm\node_modules\read-package-json\read-json.js:113:5)
4 verbose stack     at D:\nvm-noinstall\v0.12.4\node_modules\npm\node_modules\read-package-json\read-json.js:284:20
4 verbose stack     at evalmachine.<anonymous>:263:20
4 verbose stack     at OpenReq.Req.done (D:\nvm-noinstall\v0.12.4\node_modules\npm\node_modules\graceful-fs\graceful-fs.js:141:5)
4 verbose stack     at OpenReq.done (D:\nvm-noinstall\v0.12.4\node_modules\npm\node_modules\graceful-fs\graceful-fs.js:61:22)
5 verbose cwd E:\gitlist\test\react\reactApp
6 error Windows_NT 6.1.7601
7 error argv "D:\\nodejs\\node.exe" "D:\\nodejs\\node_modules\\npm\\bin\\npm-cli.js" "start"
8 error node v0.12.4
9 error npm  v2.10.1
10 error missing script: start
11 error If you need help, you may report this error at:
11 error     <https://github.com/npm/npm/issues>
12 verbose exit [ 1, true ]
